{"C:\\Users\\Acer\\OneDrive - Softwarica College\\Desktop\\ALL\\sem 5\\web api\\demo\\app.js": {"path":"C:\\Users\\Acer\\OneDrive - Softwarica College\\Desktop\\ALL\\sem 5\\web api\\demo\\app.js","statementMap":{"0":{"start":{"line":1,"column":0},"end":{"line":1,"column":26}},"1":{"start":{"line":2,"column":16},"end":{"line":2,"column":34}},"2":{"start":{"line":3,"column":15},"end":{"line":3,"column":34}},"3":{"start":{"line":4,"column":13},"end":{"line":4,"column":28}},"4":{"start":{"line":5,"column":17},"end":{"line":5,"column":36}},"5":{"start":{"line":6,"column":13},"end":{"line":6,"column":28}},"6":{"start":{"line":7,"column":21},"end":{"line":7,"column":53}},"7":{"start":{"line":8,"column":24},"end":{"line":8,"column":59}},"8":{"start":{"line":9,"column":20},"end":{"line":9,"column":51}},"9":{"start":{"line":10,"column":23},"end":{"line":10,"column":57}},"10":{"start":{"line":11,"column":13},"end":{"line":11,"column":41}},"11":{"start":{"line":13,"column":12},"end":{"line":13,"column":21}},"12":{"start":{"line":14,"column":0},"end":{"line":14,"column":15}},"13":{"start":{"line":17,"column":15},"end":{"line":19,"column":24}},"14":{"start":{"line":20,"column":0},"end":{"line":20,"column":19}},"15":{"start":{"line":22,"column":0},"end":{"line":26,"column":39}},"16":{"start":{"line":24,"column":8},"end":{"line":24,"column":50}},"17":{"start":{"line":26,"column":22},"end":{"line":26,"column":38}},"18":{"start":{"line":30,"column":0},"end":{"line":33,"column":2}},"19":{"start":{"line":31,"column":4},"end":{"line":31,"column":44}},"20":{"start":{"line":32,"column":4},"end":{"line":32,"column":10}},"21":{"start":{"line":36,"column":0},"end":{"line":36,"column":23}},"22":{"start":{"line":40,"column":0},"end":{"line":42,"column":2}},"23":{"start":{"line":41,"column":4},"end":{"line":41,"column":61}},"24":{"start":{"line":45,"column":0},"end":{"line":45,"column":30}},"25":{"start":{"line":46,"column":0},"end":{"line":46,"column":24}},"26":{"start":{"line":47,"column":0},"end":{"line":47,"column":52}},"27":{"start":{"line":48,"column":0},"end":{"line":48,"column":37}},"28":{"start":{"line":49,"column":0},"end":{"line":49,"column":31}},"29":{"start":{"line":74,"column":0},"end":{"line":78,"column":2}},"30":{"start":{"line":75,"column":4},"end":{"line":75,"column":26}},"31":{"start":{"line":76,"column":4},"end":{"line":76,"column":46}},"32":{"start":{"line":76,"column":31},"end":{"line":76,"column":46}},"33":{"start":{"line":77,"column":4},"end":{"line":77,"column":36}},"34":{"start":{"line":81,"column":0},"end":{"line":81,"column":20}}},"fnMap":{"0":{"name":"(anonymous_0)","decl":{"start":{"line":23,"column":10},"end":{"line":23,"column":11}},"loc":{"start":{"line":23,"column":16},"end":{"line":26,"column":5}},"line":23},"1":{"name":"(anonymous_1)","decl":{"start":{"line":26,"column":13},"end":{"line":26,"column":14}},"loc":{"start":{"line":26,"column":22},"end":{"line":26,"column":38}},"line":26},"2":{"name":"(anonymous_2)","decl":{"start":{"line":30,"column":8},"end":{"line":30,"column":9}},"loc":{"start":{"line":30,"column":28},"end":{"line":33,"column":1}},"line":30},"3":{"name":"(anonymous_3)","decl":{"start":{"line":40,"column":29},"end":{"line":40,"column":30}},"loc":{"start":{"line":40,"column":43},"end":{"line":42,"column":1}},"line":40},"4":{"name":"(anonymous_4)","decl":{"start":{"line":74,"column":8},"end":{"line":74,"column":9}},"loc":{"start":{"line":74,"column":33},"end":{"line":78,"column":1}},"line":74}},"branchMap":{"0":{"loc":{"start":{"line":17,"column":15},"end":{"line":19,"column":24}},"type":"cond-expr","locations":[{"start":{"line":18,"column":6},"end":{"line":18,"column":29}},{"start":{"line":19,"column":6},"end":{"line":19,"column":24}}],"line":17},"1":{"loc":{"start":{"line":76,"column":4},"end":{"line":76,"column":46}},"type":"if","locations":[{"start":{"line":76,"column":4},"end":{"line":76,"column":46}},{"start":{},"end":{}}],"line":76}},"s":{"0":1,"1":1,"2":1,"3":1,"4":1,"5":1,"6":1,"7":1,"8":1,"9":1,"10":1,"11":1,"12":1,"13":1,"14":1,"15":1,"16":1,"17":0,"18":1,"19":2,"20":2,"21":1,"22":1,"23":0,"24":1,"25":1,"26":1,"27":1,"28":1,"29":1,"30":0,"31":0,"32":0,"33":0,"34":1},"f":{"0":1,"1":0,"2":2,"3":0,"4":0},"b":{"0":[1,0],"1":[0,0]},"_coverageSchema":"1a1c01bbd47fc00a2c39e90264f33305004495a9","hash":"9b1a393c1e701a441931440e3111a0ab9d87af5b"}
,"C:\\Users\\Acer\\OneDrive - Softwarica College\\Desktop\\ALL\\sem 5\\web api\\demo\\logger.js": {"path":"C:\\Users\\Acer\\OneDrive - Softwarica College\\Desktop\\ALL\\sem 5\\web api\\demo\\logger.js","statementMap":{"0":{"start":{"line":2,"column":17},"end":{"line":2,"column":36}},"1":{"start":{"line":3,"column":18},"end":{"line":3,"column":33}},"2":{"start":{"line":4,"column":11},"end":{"line":4,"column":24}},"3":{"start":{"line":5,"column":11},"end":{"line":5,"column":26}},"4":{"start":{"line":9,"column":20},"end":{"line":14,"column":1}},"5":{"start":{"line":10,"column":19},"end":{"line":10,"column":63}},"6":{"start":{"line":11,"column":4},"end":{"line":11,"column":46}},"7":{"start":{"line":15,"column":20},"end":{"line":32,"column":1}},"8":{"start":{"line":19,"column":4},"end":{"line":26,"column":5}},"9":{"start":{"line":20,"column":8},"end":{"line":25,"column":9}},"10":{"start":{"line":21,"column":12},"end":{"line":23,"column":13}},"11":{"start":{"line":22,"column":16},"end":{"line":22,"column":32}},"12":{"start":{"line":27,"column":4},"end":{"line":31,"column":7}},"13":{"start":{"line":28,"column":8},"end":{"line":30,"column":9}},"14":{"start":{"line":29,"column":12},"end":{"line":29,"column":28}},"15":{"start":{"line":33,"column":10},"end":{"line":33,"column":48}},"16":{"start":{"line":33,"column":17},"end":{"line":33,"column":48}},"17":{"start":{"line":35,"column":0},"end":{"line":35,"column":20}}},"fnMap":{"0":{"name":"(anonymous_0)","decl":{"start":{"line":9,"column":20},"end":{"line":9,"column":21}},"loc":{"start":{"line":9,"column":27},"end":{"line":14,"column":1}},"line":9},"1":{"name":"(anonymous_1)","decl":{"start":{"line":15,"column":20},"end":{"line":15,"column":21}},"loc":{"start":{"line":15,"column":33},"end":{"line":32,"column":1}},"line":15},"2":{"name":"(anonymous_2)","decl":{"start":{"line":20,"column":45},"end":{"line":20,"column":46}},"loc":{"start":{"line":20,"column":52},"end":{"line":24,"column":9}},"line":20},"3":{"name":"(anonymous_3)","decl":{"start":{"line":27,"column":71},"end":{"line":27,"column":72}},"loc":{"start":{"line":27,"column":80},"end":{"line":31,"column":5}},"line":27},"4":{"name":"(anonymous_4)","decl":{"start":{"line":33,"column":10},"end":{"line":33,"column":11}},"loc":{"start":{"line":33,"column":17},"end":{"line":33,"column":48}},"line":33}},"branchMap":{"0":{"loc":{"start":{"line":19,"column":4},"end":{"line":26,"column":5}},"type":"if","locations":[{"start":{"line":19,"column":4},"end":{"line":26,"column":5}},{"start":{},"end":{}}],"line":19},"1":{"loc":{"start":{"line":21,"column":12},"end":{"line":23,"column":13}},"type":"if","locations":[{"start":{"line":21,"column":12},"end":{"line":23,"column":13}},{"start":{},"end":{}}],"line":21},"2":{"loc":{"start":{"line":28,"column":8},"end":{"line":30,"column":9}},"type":"if","locations":[{"start":{"line":28,"column":8},"end":{"line":30,"column":9}},{"start":{},"end":{}}],"line":28}},"s":{"0":1,"1":1,"2":1,"3":1,"4":1,"5":0,"6":0,"7":1,"8":0,"9":0,"10":0,"11":0,"12":0,"13":0,"14":0,"15":1,"16":0,"17":1},"f":{"0":0,"1":0,"2":0,"3":0,"4":0},"b":{"0":[0,0],"1":[0,0],"2":[0,0]},"_coverageSchema":"1a1c01bbd47fc00a2c39e90264f33305004495a9","hash":"a10f667e5a6f2f8ac5a317a13f97125ed381008f"}
,"C:\\Users\\Acer\\OneDrive - Softwarica College\\Desktop\\ALL\\sem 5\\web api\\demo\\controllers\\books_controller.js": {"path":"C:\\Users\\Acer\\OneDrive - Softwarica College\\Desktop\\ALL\\sem 5\\web api\\demo\\controllers\\books_controller.js","statementMap":{"0":{"start":{"line":3,"column":13},"end":{"line":3,"column":38}},"1":{"start":{"line":4,"column":17},"end":{"line":4,"column":46}},"2":{"start":{"line":6,"column":20},"end":{"line":12,"column":1}},"3":{"start":{"line":7,"column":4},"end":{"line":10,"column":36}},"4":{"start":{"line":9,"column":12},"end":{"line":9,"column":27}},"5":{"start":{"line":10,"column":26},"end":{"line":10,"column":35}},"6":{"start":{"line":13,"column":20},"end":{"line":30,"column":1}},"7":{"start":{"line":14,"column":15},"end":{"line":17,"column":5}},"8":{"start":{"line":18,"column":4},"end":{"line":21,"column":36}},"9":{"start":{"line":20,"column":12},"end":{"line":20,"column":38}},"10":{"start":{"line":21,"column":26},"end":{"line":21,"column":35}},"11":{"start":{"line":31,"column":23},"end":{"line":36,"column":1}},"12":{"start":{"line":32,"column":4},"end":{"line":35,"column":29}},"13":{"start":{"line":34,"column":12},"end":{"line":34,"column":27}},"14":{"start":{"line":37,"column":19},"end":{"line":47,"column":1}},"15":{"start":{"line":38,"column":4},"end":{"line":43,"column":21}},"16":{"start":{"line":41,"column":12},"end":{"line":41,"column":26}},"17":{"start":{"line":48,"column":23},"end":{"line":62,"column":1}},"18":{"start":{"line":49,"column":4},"end":{"line":53,"column":21}},"19":{"start":{"line":51,"column":12},"end":{"line":51,"column":26}},"20":{"start":{"line":63,"column":23},"end":{"line":70,"column":1}},"21":{"start":{"line":64,"column":4},"end":{"line":67,"column":22}},"22":{"start":{"line":66,"column":12},"end":{"line":66,"column":27}},"23":{"start":{"line":74,"column":0},"end":{"line":81,"column":1}}},"fnMap":{"0":{"name":"(anonymous_0)","decl":{"start":{"line":6,"column":20},"end":{"line":6,"column":21}},"loc":{"start":{"line":6,"column":40},"end":{"line":12,"column":1}},"line":6},"1":{"name":"(anonymous_1)","decl":{"start":{"line":8,"column":14},"end":{"line":8,"column":15}},"loc":{"start":{"line":8,"column":25},"end":{"line":10,"column":9}},"line":8},"2":{"name":"(anonymous_2)","decl":{"start":{"line":10,"column":17},"end":{"line":10,"column":18}},"loc":{"start":{"line":10,"column":26},"end":{"line":10,"column":35}},"line":10},"3":{"name":"(anonymous_3)","decl":{"start":{"line":13,"column":20},"end":{"line":13,"column":21}},"loc":{"start":{"line":13,"column":40},"end":{"line":30,"column":1}},"line":13},"4":{"name":"(anonymous_4)","decl":{"start":{"line":19,"column":14},"end":{"line":19,"column":15}},"loc":{"start":{"line":19,"column":24},"end":{"line":21,"column":9}},"line":19},"5":{"name":"(anonymous_5)","decl":{"start":{"line":21,"column":17},"end":{"line":21,"column":18}},"loc":{"start":{"line":21,"column":26},"end":{"line":21,"column":35}},"line":21},"6":{"name":"(anonymous_6)","decl":{"start":{"line":31,"column":23},"end":{"line":31,"column":24}},"loc":{"start":{"line":31,"column":37},"end":{"line":36,"column":1}},"line":31},"7":{"name":"(anonymous_7)","decl":{"start":{"line":33,"column":14},"end":{"line":33,"column":15}},"loc":{"start":{"line":33,"column":25},"end":{"line":35,"column":9}},"line":33},"8":{"name":"(anonymous_8)","decl":{"start":{"line":37,"column":19},"end":{"line":37,"column":20}},"loc":{"start":{"line":37,"column":39},"end":{"line":47,"column":1}},"line":37},"9":{"name":"(anonymous_9)","decl":{"start":{"line":40,"column":14},"end":{"line":40,"column":15}},"loc":{"start":{"line":40,"column":24},"end":{"line":42,"column":9}},"line":40},"10":{"name":"(anonymous_10)","decl":{"start":{"line":48,"column":23},"end":{"line":48,"column":24}},"loc":{"start":{"line":48,"column":43},"end":{"line":62,"column":1}},"line":48},"11":{"name":"(anonymous_11)","decl":{"start":{"line":50,"column":14},"end":{"line":50,"column":15}},"loc":{"start":{"line":50,"column":24},"end":{"line":52,"column":9}},"line":50},"12":{"name":"(anonymous_12)","decl":{"start":{"line":63,"column":23},"end":{"line":63,"column":24}},"loc":{"start":{"line":63,"column":42},"end":{"line":70,"column":1}},"line":63},"13":{"name":"(anonymous_13)","decl":{"start":{"line":65,"column":14},"end":{"line":65,"column":15}},"loc":{"start":{"line":65,"column":23},"end":{"line":67,"column":9}},"line":65}},"branchMap":{},"s":{"0":1,"1":1,"2":1,"3":0,"4":0,"5":0,"6":1,"7":0,"8":0,"9":0,"10":0,"11":1,"12":0,"13":0,"14":1,"15":0,"16":0,"17":1,"18":0,"19":0,"20":1,"21":0,"22":0,"23":1},"f":{"0":0,"1":0,"2":0,"3":0,"4":0,"5":0,"6":0,"7":0,"8":0,"9":0,"10":0,"11":0,"12":0,"13":0},"b":{},"_coverageSchema":"1a1c01bbd47fc00a2c39e90264f33305004495a9","hash":"6763af0d2505548ea4535ceb69d139d9fa477a5c"}
,"C:\\Users\\Acer\\OneDrive - Softwarica College\\Desktop\\ALL\\sem 5\\web api\\demo\\controllers\\categories_controller.js": {"path":"C:\\Users\\Acer\\OneDrive - Softwarica College\\Desktop\\ALL\\sem 5\\web api\\demo\\controllers\\categories_controller.js","statementMap":{"0":{"start":{"line":1,"column":17},"end":{"line":1,"column":46}},"1":{"start":{"line":3,"column":23},"end":{"line":9,"column":1}},"2":{"start":{"line":4,"column":4},"end":{"line":7,"column":36}},"3":{"start":{"line":6,"column":12},"end":{"line":6,"column":30}},"4":{"start":{"line":7,"column":26},"end":{"line":7,"column":35}},"5":{"start":{"line":10,"column":24},"end":{"line":15,"column":1}},"6":{"start":{"line":11,"column":4},"end":{"line":14,"column":36}},"7":{"start":{"line":13,"column":12},"end":{"line":13,"column":42}},"8":{"start":{"line":14,"column":26},"end":{"line":14,"column":35}},"9":{"start":{"line":18,"column":24},"end":{"line":24,"column":1}},"10":{"start":{"line":19,"column":4},"end":{"line":22,"column":29}},"11":{"start":{"line":21,"column":12},"end":{"line":21,"column":27}},"12":{"start":{"line":26,"column":22},"end":{"line":34,"column":1}},"13":{"start":{"line":27,"column":4},"end":{"line":32,"column":21}},"14":{"start":{"line":30,"column":12},"end":{"line":30,"column":30}},"15":{"start":{"line":35,"column":25},"end":{"line":42,"column":1}},"16":{"start":{"line":36,"column":4},"end":{"line":40,"column":21}},"17":{"start":{"line":38,"column":12},"end":{"line":38,"column":30}},"18":{"start":{"line":43,"column":25},"end":{"line":49,"column":1}},"19":{"start":{"line":44,"column":4},"end":{"line":47,"column":22}},"20":{"start":{"line":46,"column":12},"end":{"line":46,"column":27}},"21":{"start":{"line":51,"column":0},"end":{"line":59,"column":1}}},"fnMap":{"0":{"name":"(anonymous_0)","decl":{"start":{"line":3,"column":23},"end":{"line":3,"column":24}},"loc":{"start":{"line":3,"column":43},"end":{"line":9,"column":1}},"line":3},"1":{"name":"(anonymous_1)","decl":{"start":{"line":5,"column":14},"end":{"line":5,"column":15}},"loc":{"start":{"line":5,"column":28},"end":{"line":7,"column":9}},"line":5},"2":{"name":"(anonymous_2)","decl":{"start":{"line":7,"column":17},"end":{"line":7,"column":18}},"loc":{"start":{"line":7,"column":26},"end":{"line":7,"column":35}},"line":7},"3":{"name":"(anonymous_3)","decl":{"start":{"line":10,"column":24},"end":{"line":10,"column":25}},"loc":{"start":{"line":10,"column":40},"end":{"line":15,"column":1}},"line":10},"4":{"name":"(anonymous_4)","decl":{"start":{"line":12,"column":14},"end":{"line":12,"column":15}},"loc":{"start":{"line":12,"column":28},"end":{"line":14,"column":9}},"line":12},"5":{"name":"(anonymous_5)","decl":{"start":{"line":14,"column":17},"end":{"line":14,"column":18}},"loc":{"start":{"line":14,"column":26},"end":{"line":14,"column":35}},"line":14},"6":{"name":"(anonymous_6)","decl":{"start":{"line":18,"column":24},"end":{"line":18,"column":25}},"loc":{"start":{"line":18,"column":40},"end":{"line":24,"column":1}},"line":18},"7":{"name":"(anonymous_7)","decl":{"start":{"line":20,"column":14},"end":{"line":20,"column":15}},"loc":{"start":{"line":20,"column":25},"end":{"line":22,"column":9}},"line":20},"8":{"name":"(anonymous_8)","decl":{"start":{"line":26,"column":22},"end":{"line":26,"column":23}},"loc":{"start":{"line":26,"column":38},"end":{"line":34,"column":1}},"line":26},"9":{"name":"(anonymous_9)","decl":{"start":{"line":29,"column":14},"end":{"line":29,"column":15}},"loc":{"start":{"line":29,"column":28},"end":{"line":31,"column":9}},"line":29},"10":{"name":"(anonymous_10)","decl":{"start":{"line":35,"column":25},"end":{"line":35,"column":26}},"loc":{"start":{"line":35,"column":41},"end":{"line":42,"column":1}},"line":35},"11":{"name":"(anonymous_11)","decl":{"start":{"line":37,"column":14},"end":{"line":37,"column":15}},"loc":{"start":{"line":37,"column":28},"end":{"line":39,"column":9}},"line":37},"12":{"name":"(anonymous_12)","decl":{"start":{"line":43,"column":25},"end":{"line":43,"column":26}},"loc":{"start":{"line":43,"column":41},"end":{"line":49,"column":1}},"line":43},"13":{"name":"(anonymous_13)","decl":{"start":{"line":45,"column":14},"end":{"line":45,"column":15}},"loc":{"start":{"line":45,"column":23},"end":{"line":47,"column":9}},"line":45}},"branchMap":{},"s":{"0":1,"1":1,"2":0,"3":0,"4":0,"5":1,"6":0,"7":0,"8":0,"9":1,"10":0,"11":0,"12":1,"13":0,"14":0,"15":1,"16":0,"17":0,"18":1,"19":0,"20":0,"21":1},"f":{"0":0,"1":0,"2":0,"3":0,"4":0,"5":0,"6":0,"7":0,"8":0,"9":0,"10":0,"11":0,"12":0,"13":0},"b":{},"_coverageSchema":"1a1c01bbd47fc00a2c39e90264f33305004495a9","hash":"93b1602493d3d6a064b2ea8a1b19745ebf2d5652"}
,"C:\\Users\\Acer\\OneDrive - Softwarica College\\Desktop\\ALL\\sem 5\\web api\\demo\\controllers\\reviews_controller.js": {"path":"C:\\Users\\Acer\\OneDrive - Softwarica College\\Desktop\\ALL\\sem 5\\web api\\demo\\controllers\\reviews_controller.js","statementMap":{"0":{"start":{"line":1,"column":13},"end":{"line":1,"column":38}},"1":{"start":{"line":2,"column":13},"end":{"line":2,"column":38}},"2":{"start":{"line":3,"column":22},"end":{"line":10,"column":1}},"3":{"start":{"line":4,"column":4},"end":{"line":8,"column":22}},"4":{"start":{"line":7,"column":12},"end":{"line":7,"column":34}},"5":{"start":{"line":11,"column":22},"end":{"line":26,"column":1}},"6":{"start":{"line":12,"column":4},"end":{"line":25,"column":22}},"7":{"start":{"line":14,"column":12},"end":{"line":14,"column":34}},"8":{"start":{"line":15,"column":12},"end":{"line":15,"column":34}},"9":{"start":{"line":16,"column":23},"end":{"line":19,"column":13}},"10":{"start":{"line":20,"column":12},"end":{"line":20,"column":35}},"11":{"start":{"line":21,"column":12},"end":{"line":24,"column":18}},"12":{"start":{"line":23,"column":20},"end":{"line":23,"column":54}},"13":{"start":{"line":28,"column":25},"end":{"line":36,"column":1}},"14":{"start":{"line":29,"column":4},"end":{"line":34,"column":22}},"15":{"start":{"line":31,"column":12},"end":{"line":31,"column":29}},"16":{"start":{"line":32,"column":12},"end":{"line":33,"column":53}},"17":{"start":{"line":33,"column":30},"end":{"line":33,"column":52}},"18":{"start":{"line":37,"column":22},"end":{"line":43,"column":1}},"19":{"start":{"line":38,"column":4},"end":{"line":42,"column":22}},"20":{"start":{"line":40,"column":12},"end":{"line":40,"column":85}},"21":{"start":{"line":40,"column":53},"end":{"line":40,"column":84}},"22":{"start":{"line":41,"column":12},"end":{"line":41,"column":32}},"23":{"start":{"line":45,"column":25},"end":{"line":71,"column":1}},"24":{"start":{"line":46,"column":4},"end":{"line":70,"column":22}},"25":{"start":{"line":54,"column":33},"end":{"line":67,"column":14}},"26":{"start":{"line":55,"column":16},"end":{"line":66,"column":17}},"27":{"start":{"line":56,"column":20},"end":{"line":56,"column":49}},"28":{"start":{"line":57,"column":20},"end":{"line":57,"column":48}},"29":{"start":{"line":59,"column":20},"end":{"line":62,"column":21}},"30":{"start":{"line":60,"column":24},"end":{"line":60,"column":49}},"31":{"start":{"line":61,"column":24},"end":{"line":61,"column":35}},"32":{"start":{"line":63,"column":30},"end":{"line":63,"column":73}},"33":{"start":{"line":64,"column":20},"end":{"line":64,"column":35}},"34":{"start":{"line":65,"column":20},"end":{"line":65,"column":36}},"35":{"start":{"line":68,"column":12},"end":{"line":68,"column":41}},"36":{"start":{"line":69,"column":12},"end":{"line":69,"column":60}},"37":{"start":{"line":69,"column":37},"end":{"line":69,"column":59}},"38":{"start":{"line":74,"column":25},"end":{"line":87,"column":1}},"39":{"start":{"line":75,"column":4},"end":{"line":86,"column":21}},"40":{"start":{"line":77,"column":23},"end":{"line":77,"column":60}},"41":{"start":{"line":78,"column":12},"end":{"line":81,"column":13}},"42":{"start":{"line":79,"column":16},"end":{"line":79,"column":31}},"43":{"start":{"line":80,"column":16},"end":{"line":80,"column":56}},"44":{"start":{"line":82,"column":27},"end":{"line":82,"column":87}},"45":{"start":{"line":82,"column":55},"end":{"line":82,"column":86}},"46":{"start":{"line":83,"column":16},"end":{"line":83,"column":39}},"47":{"start":{"line":84,"column":16},"end":{"line":84,"column":64}},"48":{"start":{"line":84,"column":41},"end":{"line":84,"column":63}},"49":{"start":{"line":90,"column":0},"end":{"line":97,"column":1}}},"fnMap":{"0":{"name":"(anonymous_0)","decl":{"start":{"line":3,"column":22},"end":{"line":3,"column":23}},"loc":{"start":{"line":3,"column":42},"end":{"line":10,"column":1}},"line":3},"1":{"name":"(anonymous_1)","decl":{"start":{"line":6,"column":14},"end":{"line":6,"column":15}},"loc":{"start":{"line":6,"column":24},"end":{"line":8,"column":9}},"line":6},"2":{"name":"(anonymous_2)","decl":{"start":{"line":11,"column":22},"end":{"line":11,"column":23}},"loc":{"start":{"line":11,"column":42},"end":{"line":26,"column":1}},"line":11},"3":{"name":"(anonymous_3)","decl":{"start":{"line":13,"column":14},"end":{"line":13,"column":15}},"loc":{"start":{"line":13,"column":24},"end":{"line":25,"column":9}},"line":13},"4":{"name":"(anonymous_4)","decl":{"start":{"line":22,"column":22},"end":{"line":22,"column":23}},"loc":{"start":{"line":22,"column":32},"end":{"line":24,"column":17}},"line":22},"5":{"name":"(anonymous_5)","decl":{"start":{"line":28,"column":25},"end":{"line":28,"column":26}},"loc":{"start":{"line":28,"column":45},"end":{"line":36,"column":1}},"line":28},"6":{"name":"(anonymous_6)","decl":{"start":{"line":30,"column":14},"end":{"line":30,"column":15}},"loc":{"start":{"line":30,"column":24},"end":{"line":34,"column":9}},"line":30},"7":{"name":"(anonymous_7)","decl":{"start":{"line":33,"column":22},"end":{"line":33,"column":23}},"loc":{"start":{"line":33,"column":30},"end":{"line":33,"column":52}},"line":33},"8":{"name":"(anonymous_8)","decl":{"start":{"line":37,"column":22},"end":{"line":37,"column":23}},"loc":{"start":{"line":37,"column":42},"end":{"line":43,"column":1}},"line":37},"9":{"name":"(anonymous_9)","decl":{"start":{"line":39,"column":14},"end":{"line":39,"column":15}},"loc":{"start":{"line":39,"column":24},"end":{"line":42,"column":9}},"line":39},"10":{"name":"(anonymous_10)","decl":{"start":{"line":40,"column":43},"end":{"line":40,"column":44}},"loc":{"start":{"line":40,"column":53},"end":{"line":40,"column":84}},"line":40},"11":{"name":"(anonymous_11)","decl":{"start":{"line":45,"column":25},"end":{"line":45,"column":26}},"loc":{"start":{"line":45,"column":45},"end":{"line":71,"column":1}},"line":45},"12":{"name":"(anonymous_12)","decl":{"start":{"line":47,"column":14},"end":{"line":47,"column":15}},"loc":{"start":{"line":47,"column":24},"end":{"line":70,"column":9}},"line":47},"13":{"name":"(anonymous_13)","decl":{"start":{"line":54,"column":50},"end":{"line":54,"column":51}},"loc":{"start":{"line":54,"column":60},"end":{"line":67,"column":13}},"line":54},"14":{"name":"(anonymous_14)","decl":{"start":{"line":69,"column":29},"end":{"line":69,"column":30}},"loc":{"start":{"line":69,"column":37},"end":{"line":69,"column":59}},"line":69},"15":{"name":"(anonymous_15)","decl":{"start":{"line":74,"column":25},"end":{"line":74,"column":26}},"loc":{"start":{"line":74,"column":45},"end":{"line":87,"column":1}},"line":74},"16":{"name":"(anonymous_16)","decl":{"start":{"line":76,"column":14},"end":{"line":76,"column":15}},"loc":{"start":{"line":76,"column":24},"end":{"line":85,"column":13}},"line":76},"17":{"name":"(anonymous_17)","decl":{"start":{"line":82,"column":47},"end":{"line":82,"column":48}},"loc":{"start":{"line":82,"column":55},"end":{"line":82,"column":86}},"line":82},"18":{"name":"(anonymous_18)","decl":{"start":{"line":84,"column":33},"end":{"line":84,"column":34}},"loc":{"start":{"line":84,"column":41},"end":{"line":84,"column":63}},"line":84}},"branchMap":{"0":{"loc":{"start":{"line":55,"column":16},"end":{"line":66,"column":17}},"type":"if","locations":[{"start":{"line":55,"column":16},"end":{"line":66,"column":17}},{"start":{},"end":{}}],"line":55},"1":{"loc":{"start":{"line":59,"column":20},"end":{"line":62,"column":21}},"type":"if","locations":[{"start":{"line":59,"column":20},"end":{"line":62,"column":21}},{"start":{},"end":{}}],"line":59},"2":{"loc":{"start":{"line":78,"column":12},"end":{"line":81,"column":13}},"type":"if","locations":[{"start":{"line":78,"column":12},"end":{"line":81,"column":13}},{"start":{},"end":{}}],"line":78}},"s":{"0":1,"1":1,"2":1,"3":0,"4":0,"5":1,"6":0,"7":0,"8":0,"9":0,"10":0,"11":0,"12":0,"13":1,"14":0,"15":0,"16":0,"17":0,"18":1,"19":0,"20":0,"21":0,"22":0,"23":1,"24":0,"25":0,"26":0,"27":0,"28":0,"29":0,"30":0,"31":0,"32":0,"33":0,"34":0,"35":0,"36":0,"37":0,"38":1,"39":0,"40":0,"41":0,"42":0,"43":0,"44":0,"45":0,"46":0,"47":0,"48":0,"49":1},"f":{"0":0,"1":0,"2":0,"3":0,"4":0,"5":0,"6":0,"7":0,"8":0,"9":0,"10":0,"11":0,"12":0,"13":0,"14":0,"15":0,"16":0,"17":0,"18":0},"b":{"0":[0,0],"1":[0,0],"2":[0,0]},"_coverageSchema":"1a1c01bbd47fc00a2c39e90264f33305004495a9","hash":"d46460daa7c7336192f8593195bfde5cc21ed357"}
,"C:\\Users\\Acer\\OneDrive - Softwarica College\\Desktop\\ALL\\sem 5\\web api\\demo\\example\\example.js": {"path":"C:\\Users\\Acer\\OneDrive - Softwarica College\\Desktop\\ALL\\sem 5\\web api\\demo\\example\\example.js","statementMap":{"0":{"start":{"line":2,"column":4},"end":{"line":2,"column":47}},"1":{"start":{"line":6,"column":4},"end":{"line":6,"column":15}},"2":{"start":{"line":9,"column":0},"end":{"line":9,"column":29}}},"fnMap":{"0":{"name":"reverse","decl":{"start":{"line":1,"column":9},"end":{"line":1,"column":16}},"loc":{"start":{"line":1,"column":24},"end":{"line":3,"column":1}},"line":1},"1":{"name":"sum","decl":{"start":{"line":5,"column":9},"end":{"line":5,"column":12}},"loc":{"start":{"line":5,"column":17},"end":{"line":7,"column":1}},"line":5}},"branchMap":{},"s":{"0":4,"1":0,"2":1},"f":{"0":4,"1":0},"b":{},"_coverageSchema":"1a1c01bbd47fc00a2c39e90264f33305004495a9","hash":"74fe0a5939085ff8c9f23e749fab547868fe0c53"}
,"C:\\Users\\Acer\\OneDrive - Softwarica College\\Desktop\\ALL\\sem 5\\web api\\demo\\middleware\\auth.js": {"path":"C:\\Users\\Acer\\OneDrive - Softwarica College\\Desktop\\ALL\\sem 5\\web api\\demo\\middleware\\auth.js","statementMap":{"0":{"start":{"line":1,"column":10},"end":{"line":1,"column":33}},"1":{"start":{"line":4,"column":17},"end":{"line":16,"column":1}},"2":{"start":{"line":5,"column":4},"end":{"line":9,"column":5}},"3":{"start":{"line":6,"column":16},"end":{"line":6,"column":59}},"4":{"start":{"line":7,"column":8},"end":{"line":7,"column":23}},"5":{"start":{"line":8,"column":8},"end":{"line":8,"column":25}},"6":{"start":{"line":10,"column":4},"end":{"line":10,"column":50}},"7":{"start":{"line":11,"column":4},"end":{"line":15,"column":6}},"8":{"start":{"line":12,"column":8},"end":{"line":12,"column":32}},"9":{"start":{"line":12,"column":16},"end":{"line":12,"column":32}},"10":{"start":{"line":13,"column":8},"end":{"line":13,"column":24}},"11":{"start":{"line":14,"column":8},"end":{"line":14,"column":14}},"12":{"start":{"line":17,"column":18},"end":{"line":24,"column":1}},"13":{"start":{"line":18,"column":4},"end":{"line":22,"column":5}},"14":{"start":{"line":19,"column":17},"end":{"line":19,"column":52}},"15":{"start":{"line":20,"column":8},"end":{"line":20,"column":23}},"16":{"start":{"line":21,"column":8},"end":{"line":21,"column":24}},"17":{"start":{"line":23,"column":4},"end":{"line":23,"column":10}},"18":{"start":{"line":26,"column":20},"end":{"line":32,"column":1}},"19":{"start":{"line":27,"column":4},"end":{"line":29,"column":5}},"20":{"start":{"line":28,"column":8},"end":{"line":28,"column":21}},"21":{"start":{"line":30,"column":4},"end":{"line":30,"column":19}},"22":{"start":{"line":31,"column":4},"end":{"line":31,"column":37}},"23":{"start":{"line":33,"column":0},"end":{"line":33,"column":53}}},"fnMap":{"0":{"name":"(anonymous_0)","decl":{"start":{"line":4,"column":17},"end":{"line":4,"column":18}},"loc":{"start":{"line":4,"column":33},"end":{"line":16,"column":1}},"line":4},"1":{"name":"(anonymous_1)","decl":{"start":{"line":11,"column":40},"end":{"line":11,"column":41}},"loc":{"start":{"line":11,"column":55},"end":{"line":15,"column":5}},"line":11},"2":{"name":"(anonymous_2)","decl":{"start":{"line":17,"column":18},"end":{"line":17,"column":19}},"loc":{"start":{"line":17,"column":34},"end":{"line":24,"column":1}},"line":17},"3":{"name":"(anonymous_3)","decl":{"start":{"line":26,"column":20},"end":{"line":26,"column":21}},"loc":{"start":{"line":26,"column":36},"end":{"line":32,"column":1}},"line":26}},"branchMap":{"0":{"loc":{"start":{"line":5,"column":4},"end":{"line":9,"column":5}},"type":"if","locations":[{"start":{"line":5,"column":4},"end":{"line":9,"column":5}},{"start":{},"end":{}}],"line":5},"1":{"loc":{"start":{"line":12,"column":8},"end":{"line":12,"column":32}},"type":"if","locations":[{"start":{"line":12,"column":8},"end":{"line":12,"column":32}},{"start":{},"end":{}}],"line":12},"2":{"loc":{"start":{"line":18,"column":4},"end":{"line":22,"column":5}},"type":"if","locations":[{"start":{"line":18,"column":4},"end":{"line":22,"column":5}},{"start":{},"end":{}}],"line":18},"3":{"loc":{"start":{"line":27,"column":4},"end":{"line":29,"column":5}},"type":"if","locations":[{"start":{"line":27,"column":4},"end":{"line":29,"column":5}},{"start":{},"end":{}}],"line":27},"4":{"loc":{"start":{"line":27,"column":7},"end":{"line":27,"column":57}},"type":"binary-expr","locations":[{"start":{"line":27,"column":7},"end":{"line":27,"column":31}},{"start":{"line":27,"column":34},"end":{"line":27,"column":57}}],"line":27}},"s":{"0":1,"1":1,"2":0,"3":0,"4":0,"5":0,"6":0,"7":0,"8":0,"9":0,"10":0,"11":0,"12":1,"13":0,"14":0,"15":0,"16":0,"17":0,"18":1,"19":0,"20":0,"21":0,"22":0,"23":1},"f":{"0":0,"1":0,"2":0,"3":0},"b":{"0":[0,0],"1":[0,0],"2":[0,0],"3":[0,0],"4":[0,0]},"_coverageSchema":"1a1c01bbd47fc00a2c39e90264f33305004495a9","hash":"9b82ff30e8840a0002b40aa1c690b2c7e2ee24f7"}
,"C:\\Users\\Acer\\OneDrive - Softwarica College\\Desktop\\ALL\\sem 5\\web api\\demo\\middleware\\upload.js": {"path":"C:\\Users\\Acer\\OneDrive - Softwarica College\\Desktop\\ALL\\sem 5\\web api\\demo\\middleware\\upload.js","statementMap":{"0":{"start":{"line":1,"column":15},"end":{"line":1,"column":32}},"1":{"start":{"line":2,"column":13},"end":{"line":2,"column":28}},"2":{"start":{"line":4,"column":17},"end":{"line":13,"column":2}},"3":{"start":{"line":6,"column":8},"end":{"line":6,"column":29}},"4":{"start":{"line":9,"column":18},"end":{"line":9,"column":49}},"5":{"start":{"line":10,"column":8},"end":{"line":10,"column":57}},"6":{"start":{"line":14,"column":23},"end":{"line":19,"column":1}},"7":{"start":{"line":15,"column":4},"end":{"line":17,"column":5}},"8":{"start":{"line":16,"column":8},"end":{"line":16,"column":64}},"9":{"start":{"line":18,"column":4},"end":{"line":18,"column":18}},"10":{"start":{"line":20,"column":15},"end":{"line":24,"column":2}},"11":{"start":{"line":27,"column":0},"end":{"line":27,"column":21}}},"fnMap":{"0":{"name":"(anonymous_0)","decl":{"start":{"line":5,"column":17},"end":{"line":5,"column":18}},"loc":{"start":{"line":5,"column":34},"end":{"line":7,"column":5}},"line":5},"1":{"name":"(anonymous_1)","decl":{"start":{"line":8,"column":14},"end":{"line":8,"column":15}},"loc":{"start":{"line":8,"column":32},"end":{"line":12,"column":5}},"line":8},"2":{"name":"(anonymous_2)","decl":{"start":{"line":14,"column":23},"end":{"line":14,"column":24}},"loc":{"start":{"line":14,"column":38},"end":{"line":19,"column":1}},"line":14}},"branchMap":{"0":{"loc":{"start":{"line":15,"column":4},"end":{"line":17,"column":5}},"type":"if","locations":[{"start":{"line":15,"column":4},"end":{"line":17,"column":5}},{"start":{},"end":{}}],"line":15}},"s":{"0":1,"1":1,"2":1,"3":0,"4":0,"5":0,"6":1,"7":0,"8":0,"9":0,"10":1,"11":1},"f":{"0":0,"1":0,"2":0},"b":{"0":[0,0]},"_coverageSchema":"1a1c01bbd47fc00a2c39e90264f33305004495a9","hash":"58326dcb98762d2069999e45f8f341925095f503"}
,"C:\\Users\\Acer\\OneDrive - Softwarica College\\Desktop\\ALL\\sem 5\\web api\\demo\\models\\Book.js": {"path":"C:\\Users\\Acer\\OneDrive - Softwarica College\\Desktop\\ALL\\sem 5\\web api\\demo\\models\\Book.js","statementMap":{"0":{"start":{"line":3,"column":17},"end":{"line":3,"column":36}},"1":{"start":{"line":4,"column":17},"end":{"line":4,"column":38}},"2":{"start":{"line":6,"column":21},"end":{"line":19,"column":2}},"3":{"start":{"line":21,"column":19},"end":{"line":36,"column":24}},"4":{"start":{"line":38,"column":0},"end":{"line":38,"column":51}}},"fnMap":{},"branchMap":{},"s":{"0":1,"1":1,"2":1,"3":1,"4":1},"f":{},"b":{},"_coverageSchema":"1a1c01bbd47fc00a2c39e90264f33305004495a9","hash":"5dd90061d75bce31ab055bbda6cdde4f8a417a70"}
,"C:\\Users\\Acer\\OneDrive - Softwarica College\\Desktop\\ALL\\sem 5\\web api\\demo\\models\\Profile.js": {"path":"C:\\Users\\Acer\\OneDrive - Softwarica College\\Desktop\\ALL\\sem 5\\web api\\demo\\models\\Profile.js","statementMap":{"0":{"start":{"line":1,"column":17},"end":{"line":1,"column":36}},"1":{"start":{"line":3,"column":22},"end":{"line":21,"column":21}},"2":{"start":{"line":22,"column":0},"end":{"line":22,"column":54}}},"fnMap":{},"branchMap":{},"s":{"0":1,"1":1,"2":1},"f":{},"b":{},"_coverageSchema":"1a1c01bbd47fc00a2c39e90264f33305004495a9","hash":"4c5defd140946dd7e4f87f118cd15f36b66fbbe7"}
,"C:\\Users\\Acer\\OneDrive - Softwarica College\\Desktop\\ALL\\sem 5\\web api\\demo\\models\\User.js": {"path":"C:\\Users\\Acer\\OneDrive - Softwarica College\\Desktop\\ALL\\sem 5\\web api\\demo\\models\\User.js","statementMap":{"0":{"start":{"line":1,"column":15},"end":{"line":1,"column":34}},"1":{"start":{"line":3,"column":18},"end":{"line":19,"column":20}},"2":{"start":{"line":20,"column":0},"end":{"line":20,"column":48}}},"fnMap":{},"branchMap":{},"s":{"0":1,"1":1,"2":1},"f":{},"b":{},"_coverageSchema":"1a1c01bbd47fc00a2c39e90264f33305004495a9","hash":"edb6002162d3b9ac07769857c8a94695491d56cc"}
,"C:\\Users\\Acer\\OneDrive - Softwarica College\\Desktop\\ALL\\sem 5\\web api\\demo\\models\\category.js": {"path":"C:\\Users\\Acer\\OneDrive - Softwarica College\\Desktop\\ALL\\sem 5\\web api\\demo\\models\\category.js","statementMap":{"0":{"start":{"line":1,"column":15},"end":{"line":1,"column":35}},"1":{"start":{"line":3,"column":21},"end":{"line":12,"column":2}},"2":{"start":{"line":13,"column":0},"end":{"line":13,"column":57}}},"fnMap":{},"branchMap":{},"s":{"0":1,"1":1,"2":1},"f":{},"b":{},"_coverageSchema":"1a1c01bbd47fc00a2c39e90264f33305004495a9","hash":"4c2342d9d952f195a9757a342f4952fdd262df1e"}
,"C:\\Users\\Acer\\OneDrive - Softwarica College\\Desktop\\ALL\\sem 5\\web api\\demo\\routes\\books-routes.js": {"path":"C:\\Users\\Acer\\OneDrive - Softwarica College\\Desktop\\ALL\\sem 5\\web api\\demo\\routes\\books-routes.js","statementMap":{"0":{"start":{"line":1,"column":16},"end":{"line":1,"column":34}},"1":{"start":{"line":2,"column":15},"end":{"line":2,"column":31}},"2":{"start":{"line":3,"column":11},"end":{"line":3,"column":40}},"3":{"start":{"line":5,"column":23},"end":{"line":5,"column":65}},"4":{"start":{"line":6,"column":26},"end":{"line":6,"column":70}},"5":{"start":{"line":7,"column":18},"end":{"line":7,"column":42}},"6":{"start":{"line":10,"column":0},"end":{"line":16,"column":75}},"7":{"start":{"line":14,"column":8},"end":{"line":14,"column":67}},"8":{"start":{"line":18,"column":0},"end":{"line":24,"column":58}},"9":{"start":{"line":21,"column":8},"end":{"line":21,"column":57}},"10":{"start":{"line":26,"column":0},"end":{"line":32,"column":80}},"11":{"start":{"line":30,"column":8},"end":{"line":30,"column":67}},"12":{"start":{"line":34,"column":0},"end":{"line":40,"column":63}},"13":{"start":{"line":37,"column":8},"end":{"line":37,"column":57}},"14":{"start":{"line":44,"column":0},"end":{"line":44,"column":23}}},"fnMap":{"0":{"name":"(anonymous_0)","decl":{"start":{"line":13,"column":9},"end":{"line":13,"column":10}},"loc":{"start":{"line":13,"column":20},"end":{"line":15,"column":5}},"line":13},"1":{"name":"(anonymous_1)","decl":{"start":{"line":20,"column":10},"end":{"line":20,"column":11}},"loc":{"start":{"line":20,"column":21},"end":{"line":22,"column":5}},"line":20},"2":{"name":"(anonymous_2)","decl":{"start":{"line":29,"column":9},"end":{"line":29,"column":10}},"loc":{"start":{"line":29,"column":20},"end":{"line":31,"column":5}},"line":29},"3":{"name":"(anonymous_3)","decl":{"start":{"line":36,"column":10},"end":{"line":36,"column":11}},"loc":{"start":{"line":36,"column":21},"end":{"line":38,"column":5}},"line":36}},"branchMap":{},"s":{"0":1,"1":1,"2":1,"3":1,"4":1,"5":1,"6":1,"7":0,"8":1,"9":0,"10":1,"11":0,"12":1,"13":0,"14":1},"f":{"0":0,"1":0,"2":0,"3":0},"b":{},"_coverageSchema":"1a1c01bbd47fc00a2c39e90264f33305004495a9","hash":"2e66308e42e5141e4215b3708ecabb151053ca22"}
,"C:\\Users\\Acer\\OneDrive - Softwarica College\\Desktop\\ALL\\sem 5\\web api\\demo\\routes\\category-routes.js": {"path":"C:\\Users\\Acer\\OneDrive - Softwarica College\\Desktop\\ALL\\sem 5\\web api\\demo\\routes\\category-routes.js","statementMap":{"0":{"start":{"line":1,"column":16},"end":{"line":1,"column":34}},"1":{"start":{"line":2,"column":15},"end":{"line":2,"column":31}},"2":{"start":{"line":3,"column":15},"end":{"line":3,"column":44}},"3":{"start":{"line":4,"column":25},"end":{"line":4,"column":72}},"4":{"start":{"line":7,"column":0},"end":{"line":13,"column":49}},"5":{"start":{"line":11,"column":8},"end":{"line":11,"column":67}},"6":{"start":{"line":15,"column":0},"end":{"line":21,"column":50}},"7":{"start":{"line":18,"column":8},"end":{"line":18,"column":67}},"8":{"start":{"line":23,"column":0},"end":{"line":23,"column":23}}},"fnMap":{"0":{"name":"(anonymous_0)","decl":{"start":{"line":10,"column":9},"end":{"line":10,"column":10}},"loc":{"start":{"line":10,"column":20},"end":{"line":12,"column":5}},"line":10},"1":{"name":"(anonymous_1)","decl":{"start":{"line":17,"column":10},"end":{"line":17,"column":11}},"loc":{"start":{"line":17,"column":21},"end":{"line":19,"column":5}},"line":17}},"branchMap":{},"s":{"0":1,"1":1,"2":1,"3":1,"4":1,"5":0,"6":1,"7":0,"8":1},"f":{"0":0,"1":0},"b":{},"_coverageSchema":"1a1c01bbd47fc00a2c39e90264f33305004495a9","hash":"dd42c68f53d37dfa4484863b9f4a3d903b85b26c"}
,"C:\\Users\\Acer\\OneDrive - Softwarica College\\Desktop\\ALL\\sem 5\\web api\\demo\\routes\\profile-routes.js": {"path":"C:\\Users\\Acer\\OneDrive - Softwarica College\\Desktop\\ALL\\sem 5\\web api\\demo\\routes\\profile-routes.js","statementMap":{"0":{"start":{"line":1,"column":16},"end":{"line":1,"column":34}},"1":{"start":{"line":2,"column":15},"end":{"line":2,"column":46}},"2":{"start":{"line":3,"column":16},"end":{"line":3,"column":44}},"3":{"start":{"line":4,"column":15},"end":{"line":4,"column":31}},"4":{"start":{"line":6,"column":0},"end":{"line":27,"column":7}},"5":{"start":{"line":8,"column":9},"end":{"line":11,"column":23}},"6":{"start":{"line":10,"column":13},"end":{"line":10,"column":31}},"7":{"start":{"line":14,"column":9},"end":{"line":14,"column":30}},"8":{"start":{"line":15,"column":9},"end":{"line":15,"column":30}},"9":{"start":{"line":17,"column":23},"end":{"line":21,"column":10}},"10":{"start":{"line":22,"column":9},"end":{"line":25,"column":23}},"11":{"start":{"line":24,"column":13},"end":{"line":24,"column":42}},"12":{"start":{"line":28,"column":0},"end":{"line":28,"column":21}}},"fnMap":{"0":{"name":"(anonymous_0)","decl":{"start":{"line":7,"column":10},"end":{"line":7,"column":11}},"loc":{"start":{"line":7,"column":28},"end":{"line":12,"column":6}},"line":7},"1":{"name":"(anonymous_1)","decl":{"start":{"line":9,"column":15},"end":{"line":9,"column":16}},"loc":{"start":{"line":9,"column":26},"end":{"line":11,"column":10}},"line":9},"2":{"name":"(anonymous_2)","decl":{"start":{"line":13,"column":36},"end":{"line":13,"column":37}},"loc":{"start":{"line":13,"column":54},"end":{"line":27,"column":6}},"line":13},"3":{"name":"(anonymous_3)","decl":{"start":{"line":23,"column":15},"end":{"line":23,"column":16}},"loc":{"start":{"line":23,"column":25},"end":{"line":25,"column":10}},"line":23}},"branchMap":{},"s":{"0":1,"1":1,"2":1,"3":1,"4":1,"5":0,"6":0,"7":0,"8":0,"9":0,"10":0,"11":0,"12":1},"f":{"0":0,"1":0,"2":0,"3":0},"b":{},"_coverageSchema":"1a1c01bbd47fc00a2c39e90264f33305004495a9","hash":"126e7ad08c097288c35a14bb449b316be15feb80"}
,"C:\\Users\\Acer\\OneDrive - Softwarica College\\Desktop\\ALL\\sem 5\\web api\\demo\\routes\\user-routes.js": {"path":"C:\\Users\\Acer\\OneDrive - Softwarica College\\Desktop\\ALL\\sem 5\\web api\\demo\\routes\\user-routes.js","statementMap":{"0":{"start":{"line":1,"column":16},"end":{"line":1,"column":34}},"1":{"start":{"line":2,"column":15},"end":{"line":2,"column":34}},"2":{"start":{"line":3,"column":13},"end":{"line":3,"column":38}},"3":{"start":{"line":4,"column":12},"end":{"line":4,"column":35}},"4":{"start":{"line":6,"column":15},"end":{"line":6,"column":31}},"5":{"start":{"line":7,"column":0},"end":{"line":31,"column":2}},"6":{"start":{"line":8,"column":4},"end":{"line":30,"column":22}},"7":{"start":{"line":10,"column":12},"end":{"line":14,"column":13}},"8":{"start":{"line":11,"column":26},"end":{"line":11,"column":80}},"9":{"start":{"line":12,"column":16},"end":{"line":12,"column":31}},"10":{"start":{"line":13,"column":16},"end":{"line":13,"column":32}},"11":{"start":{"line":15,"column":12},"end":{"line":29,"column":14}},"12":{"start":{"line":16,"column":16},"end":{"line":16,"column":41}},"13":{"start":{"line":16,"column":25},"end":{"line":16,"column":41}},"14":{"start":{"line":17,"column":16},"end":{"line":17,"column":33}},"15":{"start":{"line":18,"column":16},"end":{"line":18,"column":49}},"16":{"start":{"line":19,"column":16},"end":{"line":19,"column":36}},"17":{"start":{"line":20,"column":16},"end":{"line":20,"column":58}},"18":{"start":{"line":20,"column":35},"end":{"line":20,"column":58}},"19":{"start":{"line":21,"column":16},"end":{"line":28,"column":30}},"20":{"start":{"line":22,"column":20},"end":{"line":27,"column":22}},"21":{"start":{"line":33,"column":0},"end":{"line":65,"column":2}},"22":{"start":{"line":34,"column":4},"end":{"line":64,"column":22}},"23":{"start":{"line":36,"column":12},"end":{"line":40,"column":13}},"24":{"start":{"line":37,"column":26},"end":{"line":37,"column":92}},"25":{"start":{"line":38,"column":16},"end":{"line":38,"column":31}},"26":{"start":{"line":39,"column":16},"end":{"line":39,"column":32}},"27":{"start":{"line":41,"column":12},"end":{"line":62,"column":14}},"28":{"start":{"line":42,"column":16},"end":{"line":42,"column":41}},"29":{"start":{"line":42,"column":25},"end":{"line":42,"column":41}},"30":{"start":{"line":43,"column":16},"end":{"line":47,"column":17}},"31":{"start":{"line":44,"column":30},"end":{"line":44,"column":67}},"32":{"start":{"line":45,"column":20},"end":{"line":45,"column":35}},"33":{"start":{"line":46,"column":20},"end":{"line":46,"column":36}},"34":{"start":{"line":48,"column":27},"end":{"line":52,"column":17}},"35":{"start":{"line":53,"column":16},"end":{"line":61,"column":22}},"36":{"start":{"line":55,"column":24},"end":{"line":55,"column":49}},"37":{"start":{"line":55,"column":33},"end":{"line":55,"column":49}},"38":{"start":{"line":56,"column":24},"end":{"line":60,"column":26}},"39":{"start":{"line":67,"column":0},"end":{"line":67,"column":23}}},"fnMap":{"0":{"name":"(anonymous_0)","decl":{"start":{"line":7,"column":25},"end":{"line":7,"column":26}},"loc":{"start":{"line":7,"column":45},"end":{"line":31,"column":1}},"line":7},"1":{"name":"(anonymous_1)","decl":{"start":{"line":9,"column":14},"end":{"line":9,"column":15}},"loc":{"start":{"line":9,"column":22},"end":{"line":30,"column":9}},"line":9},"2":{"name":"(anonymous_2)","decl":{"start":{"line":15,"column":47},"end":{"line":15,"column":48}},"loc":{"start":{"line":15,"column":62},"end":{"line":29,"column":13}},"line":15},"3":{"name":"(anonymous_3)","decl":{"start":{"line":21,"column":33},"end":{"line":21,"column":34}},"loc":{"start":{"line":21,"column":41},"end":{"line":28,"column":17}},"line":21},"4":{"name":"(anonymous_4)","decl":{"start":{"line":33,"column":22},"end":{"line":33,"column":23}},"loc":{"start":{"line":33,"column":42},"end":{"line":65,"column":1}},"line":33},"5":{"name":"(anonymous_5)","decl":{"start":{"line":35,"column":14},"end":{"line":35,"column":15}},"loc":{"start":{"line":35,"column":22},"end":{"line":64,"column":9}},"line":35},"6":{"name":"(anonymous_6)","decl":{"start":{"line":41,"column":61},"end":{"line":41,"column":62}},"loc":{"start":{"line":41,"column":78},"end":{"line":62,"column":13}},"line":41},"7":{"name":"(anonymous_7)","decl":{"start":{"line":54,"column":43},"end":{"line":54,"column":44}},"loc":{"start":{"line":54,"column":59},"end":{"line":61,"column":21}},"line":54}},"branchMap":{"0":{"loc":{"start":{"line":10,"column":12},"end":{"line":14,"column":13}},"type":"if","locations":[{"start":{"line":10,"column":12},"end":{"line":14,"column":13}},{"start":{},"end":{}}],"line":10},"1":{"loc":{"start":{"line":16,"column":16},"end":{"line":16,"column":41}},"type":"if","locations":[{"start":{"line":16,"column":16},"end":{"line":16,"column":41}},{"start":{},"end":{}}],"line":16},"2":{"loc":{"start":{"line":20,"column":16},"end":{"line":20,"column":58}},"type":"if","locations":[{"start":{"line":20,"column":16},"end":{"line":20,"column":58}},{"start":{},"end":{}}],"line":20},"3":{"loc":{"start":{"line":36,"column":12},"end":{"line":40,"column":13}},"type":"if","locations":[{"start":{"line":36,"column":12},"end":{"line":40,"column":13}},{"start":{},"end":{}}],"line":36},"4":{"loc":{"start":{"line":42,"column":16},"end":{"line":42,"column":41}},"type":"if","locations":[{"start":{"line":42,"column":16},"end":{"line":42,"column":41}},{"start":{},"end":{}}],"line":42},"5":{"loc":{"start":{"line":43,"column":16},"end":{"line":47,"column":17}},"type":"if","locations":[{"start":{"line":43,"column":16},"end":{"line":47,"column":17}},{"start":{},"end":{}}],"line":43},"6":{"loc":{"start":{"line":55,"column":24},"end":{"line":55,"column":49}},"type":"if","locations":[{"start":{"line":55,"column":24},"end":{"line":55,"column":49}},{"start":{},"end":{}}],"line":55}},"s":{"0":1,"1":1,"2":1,"3":1,"4":1,"5":1,"6":1,"7":1,"8":0,"9":0,"10":0,"11":1,"12":1,"13":0,"14":1,"15":1,"16":1,"17":1,"18":0,"19":1,"20":1,"21":1,"22":1,"23":1,"24":0,"25":0,"26":0,"27":1,"28":1,"29":0,"30":1,"31":0,"32":0,"33":0,"34":1,"35":1,"36":1,"37":0,"38":1,"39":1},"f":{"0":1,"1":1,"2":1,"3":1,"4":1,"5":1,"6":1,"7":1},"b":{"0":[0,1],"1":[0,1],"2":[0,1],"3":[0,1],"4":[0,1],"5":[0,1],"6":[0,1]},"_coverageSchema":"1a1c01bbd47fc00a2c39e90264f33305004495a9","hash":"c87fbbdd626383bfb4eb88e0859aee81fcf1c33f"}
}
